<?xml version="1.0" encoding="UTF-8"?>
<!-- Generated by org.testng.reporters.JUnitXMLReporter -->
<testsuite ignored="0" hostname="LAPTOP-AF2JRBJI" failures="0" tests="2" name="Default test" time="17.471" errors="0" timestamp="2022-11-23T13:54:27 IST">
  <testcase classname="TestCases.VarifyReleaseDateAndOriginCountry" name="getDateAndCountryFromWiki" time="4.025"/>
  <testcase classname="TestCases.VarifyReleaseDateAndOriginCountry" name="varifyDateAndCountryFromWikiAndIMDB" time="11.34"/>
</testsuite> <!-- Default test -->
