<?xml version="1.0" encoding="UTF-8"?>
<!-- Generated by org.testng.reporters.JUnitXMLReporter -->
<testsuite ignored="0" hostname="LAPTOP-AF2JRBJI" failures="0" tests="2" name="Default test" time="16.061" errors="0" timestamp="2022-11-23T12:27:12 IST">
  <testcase classname="TestCases.VarifyReleaseDateAndOriginCountry" name="getDateAndCountryFromWiki" time="3.773"/>
  <testcase classname="TestCases.VarifyReleaseDateAndOriginCountry" name="varifyDateAndCountryFromWikiAndIMDB" time="9.99"/>
</testsuite> <!-- Default test -->
