<?xml version="1.0" encoding="UTF-8"?>
<testng-results ignored="0" total="2" passed="2" failed="0" skipped="0">
  <reporter-output>
  </reporter-output>
  <suite started-at="2022-11-23T13:54:10 IST" name="Default suite" finished-at="2022-11-23T13:54:27 IST" duration-ms="17471">
    <groups>
    </groups>
    <test started-at="2022-11-23T13:54:10 IST" name="Default test" finished-at="2022-11-23T13:54:27 IST" duration-ms="17471">
      <class name="TestCases.VarifyReleaseDateAndOriginCountry">
        <test-method is-config="true" signature="launchBrouser()[pri:0, instance:TestCases.VarifyReleaseDateAndOriginCountry@4f80542f]" started-at="2022-11-23T13:54:10 IST" name="launchBrouser" finished-at="2022-11-23T13:54:11 IST" duration-ms="1509" status="PASS">
          <reporter-output>
          </reporter-output>
        </test-method> <!-- launchBrouser -->
        <test-method is-config="true" signature="createObjectReference()[pri:0, instance:TestCases.VarifyReleaseDateAndOriginCountry@4f80542f]" started-at="2022-11-23T13:54:11 IST" name="createObjectReference" finished-at="2022-11-23T13:54:11 IST" duration-ms="16" status="PASS">
          <reporter-output>
          </reporter-output>
        </test-method> <!-- createObjectReference -->
        <test-method signature="getDateAndCountryFromWiki()[pri:0, instance:TestCases.VarifyReleaseDateAndOriginCountry@4f80542f]" started-at="2022-11-23T13:54:11 IST" name="getDateAndCountryFromWiki" finished-at="2022-11-23T13:54:15 IST" duration-ms="4025" status="PASS">
          <reporter-output>
          </reporter-output>
        </test-method> <!-- getDateAndCountryFromWiki -->
        <test-method is-config="true" signature="navigateBack()[pri:0, instance:TestCases.VarifyReleaseDateAndOriginCountry@4f80542f]" started-at="2022-11-23T13:54:15 IST" name="navigateBack" finished-at="2022-11-23T13:54:15 IST" duration-ms="236" status="PASS">
          <reporter-output>
          </reporter-output>
        </test-method> <!-- navigateBack -->
        <test-method signature="varifyDateAndCountryFromWikiAndIMDB()[pri:0, instance:TestCases.VarifyReleaseDateAndOriginCountry@4f80542f]" started-at="2022-11-23T13:54:15 IST" name="varifyDateAndCountryFromWikiAndIMDB" finished-at="2022-11-23T13:54:27 IST" depends-on-methods="TestCases.VarifyReleaseDateAndOriginCountry.getDateAndCountryFromWiki" duration-ms="11340" status="PASS">
          <reporter-output>
          </reporter-output>
        </test-method> <!-- varifyDateAndCountryFromWikiAndIMDB -->
        <test-method is-config="true" signature="navigateBack()[pri:0, instance:TestCases.VarifyReleaseDateAndOriginCountry@4f80542f]" started-at="2022-11-23T13:54:27 IST" name="navigateBack" finished-at="2022-11-23T13:54:27 IST" duration-ms="213" status="PASS">
          <reporter-output>
          </reporter-output>
        </test-method> <!-- navigateBack -->
        <test-method is-config="true" signature="nullObjectReferences()[pri:0, instance:TestCases.VarifyReleaseDateAndOriginCountry@4f80542f]" started-at="2022-11-23T13:54:27 IST" name="nullObjectReferences" finished-at="2022-11-23T13:54:27 IST" duration-ms="0" status="PASS">
          <reporter-output>
          </reporter-output>
        </test-method> <!-- nullObjectReferences -->
        <test-method is-config="true" signature="closebrowser()[pri:0, instance:TestCases.VarifyReleaseDateAndOriginCountry@4f80542f]" started-at="2022-11-23T13:54:27 IST" name="closebrowser" finished-at="2022-11-23T13:54:27 IST" duration-ms="90" status="PASS">
          <reporter-output>
          </reporter-output>
        </test-method> <!-- closebrowser -->
      </class> <!-- TestCases.VarifyReleaseDateAndOriginCountry -->
    </test> <!-- Default test -->
  </suite> <!-- Default suite -->
</testng-results>
