<?xml version="1.0" encoding="UTF-8"?>
<testng-results ignored="0" total="2" passed="2" failed="0" skipped="0">
  <reporter-output>
  </reporter-output>
  <suite started-at="2022-11-23T12:26:55 IST" name="Default suite" finished-at="2022-11-23T12:27:12 IST" duration-ms="16061">
    <groups>
    </groups>
    <test started-at="2022-11-23T12:26:55 IST" name="Default test" finished-at="2022-11-23T12:27:12 IST" duration-ms="16061">
      <class name="TestCases.VarifyReleaseDateAndOriginCountry">
        <test-method is-config="true" signature="launchBrouser()[pri:0, instance:TestCases.VarifyReleaseDateAndOriginCountry@3527942a]" started-at="2022-11-23T12:26:55 IST" name="launchBrouser" finished-at="2022-11-23T12:26:57 IST" duration-ms="1921" status="PASS">
          <reporter-output>
          </reporter-output>
        </test-method> <!-- launchBrouser -->
        <test-method is-config="true" signature="createObjectReference()[pri:0, instance:TestCases.VarifyReleaseDateAndOriginCountry@3527942a]" started-at="2022-11-23T12:26:57 IST" name="createObjectReference" finished-at="2022-11-23T12:26:57 IST" duration-ms="19" status="PASS">
          <reporter-output>
          </reporter-output>
        </test-method> <!-- createObjectReference -->
        <test-method signature="getDateAndCountryFromWiki()[pri:0, instance:TestCases.VarifyReleaseDateAndOriginCountry@3527942a]" started-at="2022-11-23T12:26:57 IST" name="getDateAndCountryFromWiki" finished-at="2022-11-23T12:27:01 IST" duration-ms="3773" status="PASS">
          <reporter-output>
          </reporter-output>
        </test-method> <!-- getDateAndCountryFromWiki -->
        <test-method is-config="true" signature="navigateBack()[pri:0, instance:TestCases.VarifyReleaseDateAndOriginCountry@3527942a]" started-at="2022-11-23T12:27:01 IST" name="navigateBack" finished-at="2022-11-23T12:27:01 IST" duration-ms="130" status="PASS">
          <reporter-output>
          </reporter-output>
        </test-method> <!-- navigateBack -->
        <test-method signature="varifyDateAndCountryFromWikiAndIMDB()[pri:0, instance:TestCases.VarifyReleaseDateAndOriginCountry@3527942a]" started-at="2022-11-23T12:27:01 IST" name="varifyDateAndCountryFromWikiAndIMDB" finished-at="2022-11-23T12:27:11 IST" depends-on-methods="TestCases.VarifyReleaseDateAndOriginCountry.getDateAndCountryFromWiki" duration-ms="9990" status="PASS">
          <reporter-output>
          </reporter-output>
        </test-method> <!-- varifyDateAndCountryFromWikiAndIMDB -->
        <test-method is-config="true" signature="navigateBack()[pri:0, instance:TestCases.VarifyReleaseDateAndOriginCountry@3527942a]" started-at="2022-11-23T12:27:11 IST" name="navigateBack" finished-at="2022-11-23T12:27:11 IST" duration-ms="122" status="PASS">
          <reporter-output>
          </reporter-output>
        </test-method> <!-- navigateBack -->
        <test-method is-config="true" signature="nullObjectReferences()[pri:0, instance:TestCases.VarifyReleaseDateAndOriginCountry@3527942a]" started-at="2022-11-23T12:27:11 IST" name="nullObjectReferences" finished-at="2022-11-23T12:27:11 IST" duration-ms="1" status="PASS">
          <reporter-output>
          </reporter-output>
        </test-method> <!-- nullObjectReferences -->
        <test-method is-config="true" signature="closebrowser()[pri:0, instance:TestCases.VarifyReleaseDateAndOriginCountry@3527942a]" started-at="2022-11-23T12:27:11 IST" name="closebrowser" finished-at="2022-11-23T12:27:12 IST" duration-ms="72" status="PASS">
          <reporter-output>
          </reporter-output>
        </test-method> <!-- closebrowser -->
      </class> <!-- TestCases.VarifyReleaseDateAndOriginCountry -->
    </test> <!-- Default test -->
  </suite> <!-- Default suite -->
</testng-results>
